[2026-01-18 13:00:00] [FactoryWorker] [INFO] --- FACTORY WORKER ---
[2026-01-18 13:00:00] [FactoryWorker] [INFO] Resolviendo Dashboard Data Source...
[2026-01-18 13:00:58] [FactoryWorker] [INFO] Detectadas 1 solicitudes nuevas.
[2026-01-18 13:00:58] [FactoryWorker] [INFO] --> Configurando: CEO Domingo 18 Prueba v1 (PortCo - CEO)
[2026-01-18 13:00:58] [FactoryWorker] [INFO] Esperando 5s para propagación de estructura interna...
[2026-01-18 13:01:01] [FactoryWorker] [INFO] Detectado WORKFLOW: 2ec83e67-e2e7-81ca-aa81-d871f0c0bc4d
[2026-01-18 13:01:01] [FactoryWorker] [INFO] Detectada JD PAGE: 2ec83e67-e2e7-81d2-b7fd-eecd20015941
[2026-01-18 13:01:01] [FactoryWorker] [INFO] Detectado FORM: 2ec83e67-e2e7-81e7-9029-d468b48ebc90
[2026-01-18 13:01:08] [FactoryWorker] [INFO] Stages extraidos: 23
[2026-01-18 13:01:08] [FactoryWorker] [INFO] Configurando Workflow DB...
[2026-01-18 13:01:12] [FactoryWorker] [INFO] Inyectando stages en Data Source 2ec83e67-e2e7-819d-8018-000b3b6fd7ed...
[2026-01-18 13:01:14] [FactoryWorker] [INFO] Configurando Form DB...
[2026-01-18 13:01:16] [FactoryWorker] [INFO] Configurando Job Description...
[2026-01-18 13:01:17] [FactoryWorker] [INFO] Fuente JD encontrada: 2d683e67-e2e7-814b-827e-c830b676b253
[2026-01-18 13:01:20] [FactoryWorker] [INFO] Ancla encontrada (Insertando después del primer bloque): 2ec83e67-e2e7-8129-8704-cd22da79f4ae
[2026-01-18 13:01:20] [FactoryWorker] [INFO] Copiando 25 bloques...
[2026-01-18 13:01:27] [FactoryWorker] [INFO] Finalizando tarea...
[2026-01-18 13:01:31] [FactoryWorker] [INFO] [EXITO] Proceso listo para recibir candidatos.
[2026-01-18 13:02:01] [FactoryWorker] [INFO] Apagando.
[2026-01-18 13:07:52] [Harvester] [INFO] Resolviendo Data Source Madre (Talent Network)...
[2026-01-18 13:07:54] [Harvester] [INFO] --- HARVESTER ---
[2026-01-18 13:08:00] [FactoryWorker] [INFO] --- FACTORY WORKER ---
[2026-01-18 13:08:00] [FactoryWorker] [INFO] Resolviendo Dashboard Data Source...
[2026-01-18 13:08:04] [Observer] [INFO] 
--- OBSERVER ---
[2026-01-18 13:08:04] [Observer] [INFO] Polling: 3s. Estrategia: Content Hash + Auto-Enrichment.
[2026-01-18 13:08:54] [Observer] [INFO] [DASHBOARD] Estado proceso 'CEO Domingo 18 v2' -> Open
[2026-01-18 13:08:57] [FactoryWorker] [INFO] Detectadas 1 solicitudes nuevas.
[2026-01-18 13:08:57] [FactoryWorker] [INFO] --> Configurando: CEO Domingo 18 v2 (PortCo - CEO)
[2026-01-18 13:08:57] [FactoryWorker] [INFO] Esperando 5s para propagación de estructura interna...
[2026-01-18 13:09:01] [FactoryWorker] [INFO] Detectado WORKFLOW: 2ec83e67-e2e7-816c-9be4-d73a99bbca0d
[2026-01-18 13:09:01] [FactoryWorker] [INFO] Detectada JD PAGE: 2ec83e67-e2e7-81e2-a241-fc2bec34c594
[2026-01-18 13:09:01] [FactoryWorker] [INFO] Detectado FORM: 2ec83e67-e2e7-81a3-81d2-d243b0136f8a
[2026-01-18 13:09:11] [FactoryWorker] [INFO] Stages extraidos: 23
[2026-01-18 13:09:11] [FactoryWorker] [INFO] Configurando Workflow DB...
[2026-01-18 13:09:15] [FactoryWorker] [INFO] Inyectando stages en Data Source 2ec83e67-e2e7-81a0-8deb-000baa2f9e78...
[2026-01-18 13:09:17] [FactoryWorker] [INFO] Configurando Form DB...
[2026-01-18 13:09:19] [FactoryWorker] [INFO] Configurando Job Description...
[2026-01-18 13:09:21] [FactoryWorker] [INFO] Fuente JD encontrada: 2d683e67-e2e7-814b-827e-c830b676b253
[2026-01-18 13:09:24] [FactoryWorker] [INFO] Ancla encontrada (Insertando después del primer bloque): 2ec83e67-e2e7-8121-a6ca-f3b648c8acf0
[2026-01-18 13:09:24] [FactoryWorker] [INFO] Copiando 25 bloques...
[2026-01-18 13:09:31] [SupabaseManager] [INFO] Proceso registrado: CEO Domingo 18 v2
[2026-01-18 13:09:31] [FactoryWorker] [INFO] Finalizando tarea...
[2026-01-18 13:09:33] [FactoryWorker] [INFO] [EXITO] Proceso listo para recibir candidatos.
[2026-01-18 13:11:26] [Harvester] [INFO] --> Detectados 1 en 'CEO Domingo 18 v2'
[2026-01-18 13:11:29] [Harvester] [INFO] Procesando ID Enlace: 1...
[2026-01-18 13:11:44] [Harvester] [INFO] Analizando con IA...
[2026-01-18 13:12:56] [Harvester] [INFO] --> Detectados 1 en 'CEO Domingo 18 v2'
[2026-01-18 13:12:57] [Harvester] [INFO] Procesando ID Enlace: 1...
[2026-01-18 13:13:07] [Harvester] [INFO] Analizando con IA...
[2026-01-18 13:14:03] [Harvester] [INFO] --> Detectados 1 en 'CEO Domingo 18 v2'
[2026-01-18 13:14:04] [Harvester] [INFO] Procesando ID Enlace: 1...
[2026-01-18 13:14:11] [Harvester] [INFO] Analizando con IA...
[2026-01-18 13:14:22] [Observer] [INFO] 
Observer detenido.
[2026-01-18 13:14:30] [Harvester] [INFO] Bye.
[2026-01-18 13:14:36] [FactoryWorker] [INFO] Apagando.
[2026-01-19 09:49:09] [FactoryWorker] [INFO] --- FACTORY WORKER ---
[2026-01-19 09:49:09] [FactoryWorker] [INFO] Resolviendo Dashboard Data Source...
[2026-01-19 09:49:24] [Harvester] [INFO] Resolviendo Data Source Madre (Talent Network)...
[2026-01-19 09:49:25] [Harvester] [INFO] --- HARVESTER ---
[2026-01-19 09:49:36] [Observer] [INFO] 
--- OBSERVER ---
[2026-01-19 09:49:36] [Observer] [INFO] Polling: 3s. Estrategia: Content Hash + Auto-Enrichment.
[2026-01-19 09:50:59] [Harvester] [INFO] --> Detectados 1 en 'CEO Domingo 18 v2'
[2026-01-19 09:51:02] [Harvester] [INFO] Procesando ID Enlace: 1...
[2026-01-19 09:51:21] [Harvester] [INFO] Analizando con IA...
[2026-01-19 09:51:36] [FactoryWorker] [INFO] Detectadas 1 solicitudes nuevas.
[2026-01-19 09:51:36] [FactoryWorker] [INFO] --> Configurando: PC RB CEO 2026Q1 (PortCo - CEO)
[2026-01-19 09:51:36] [FactoryWorker] [INFO] Esperando 5s para propagación de estructura interna...
[2026-01-19 09:51:36] [Observer] [INFO] [DASHBOARD] Estado proceso 'PC RB CEO 2026Q1' -> Open
[2026-01-19 09:51:38] [FactoryWorker] [INFO] Detectado WORKFLOW: 2ed83e67-e2e7-816d-a055-fd6391810b41
[2026-01-19 09:51:38] [FactoryWorker] [INFO] Detectada JD PAGE: 2ed83e67-e2e7-818d-b6f8-cba484129751
[2026-01-19 09:51:38] [FactoryWorker] [INFO] Detectado FORM: 2ed83e67-e2e7-81be-a376-f72443f9df32
[2026-01-19 09:51:47] [FactoryWorker] [INFO] Stages extraidos: 23
[2026-01-19 09:51:47] [FactoryWorker] [INFO] Configurando Workflow DB...
[2026-01-19 09:51:50] [FactoryWorker] [INFO] Inyectando stages en Data Source 2ed83e67-e2e7-813f-a9ff-000b77e8f4fc...
[2026-01-19 09:51:53] [FactoryWorker] [INFO] Configurando Form DB...
[2026-01-19 09:51:57] [FactoryWorker] [INFO] Configurando Job Description...
[2026-01-19 09:51:59] [FactoryWorker] [INFO] Fuente JD encontrada: 2d683e67-e2e7-814b-827e-c830b676b253
[2026-01-19 09:52:02] [FactoryWorker] [INFO] Ancla encontrada (Insertando después del primer bloque): 2ed83e67-e2e7-8161-a531-fe57a35989a4
[2026-01-19 09:52:02] [FactoryWorker] [INFO] Copiando 25 bloques...
[2026-01-19 09:52:08] [SupabaseManager] [INFO] Proceso registrado: PC RB CEO 2026Q1
[2026-01-19 09:52:08] [FactoryWorker] [INFO] Finalizando tarea...
[2026-01-19 09:52:09] [FactoryWorker] [INFO] [EXITO] Proceso listo para recibir candidatos.
[2026-01-19 09:52:31] [Harvester] [INFO] --> Detectados 1 en 'CEO Domingo 18 v2'
[2026-01-19 09:52:34] [Harvester] [INFO] Procesando ID Enlace: 1...
[2026-01-19 09:52:53] [Harvester] [INFO] Analizando con IA...
[2026-01-19 09:54:32] [Harvester] [INFO] Bye.
[2026-01-19 10:01:30] [Observer] [INFO] [DASHBOARD] Estado proceso 'CEO Domingo 18 v2' -> Closed
[2026-01-19 10:02:14] [Observer] [INFO] [DASHBOARD] Estado proceso 'CEO Domingo 18 v2' -> Open
[2026-01-19 10:03:33] [Observer] [INFO] 
Observer detenido.
[2026-01-19 10:03:39] [FactoryWorker] [INFO] Apagando.
